<?xml version="1.0" encoding="UTF-8"?>
<!-- Generated by org.testng.reporters.JUnitXMLReporter -->
<testsuite hostname="DELL" failures="0" tests="5" name="Default test" time="19.453" errors="0" timestamp="28 Nov 2022 06:06:29 GMT">
  <testcase classname="Rest_Assured_Testing.Test_Methods" name="Test_Status_Code" time="4.064"/>
  <testcase classname="Rest_Assured_Testing.Test_Methods" name="Logging" time="4.833"/>
  <testcase classname="Rest_Assured_Testing.Test_Methods" name="Test_SingleContent" time="7.986"/>
  <testcase classname="Rest_Assured_Testing.Test_Methods" name="Test_MultipleContent" time="1.25"/>
  <testcase classname="Rest_Assured_Testing.Test_Methods" name="Test_ParameterAndHeaders" time="1.267"/>
</testsuite> <!-- Default test -->
